<?xml version="1.0" encoding="UTF-8"?>
<!-- Generated by org.testng.reporters.JUnitReportReporter -->
<testsuite hostname="Nagarajas-MacBook-Air.local" failures="0" tests="2" name="com.salesforce.tests.LoginTest" time="9.719" errors="0" timestamp="2026-03-14T10:36:15 IST" skipped="0">
  <testcase classname="com.salesforce.tests.LoginTest" name="testInvalidLogin" time="5.219"/>
  <testcase classname="com.salesforce.tests.LoginTest" name="testValidLogin" time="4.500"/>
</testsuite> <!-- com.salesforce.tests.LoginTest -->
