<?xml version="1.0" encoding="UTF-8"?>
<testng-results ignored="0" total="2" passed="2" failed="0" skipped="0">
  <reporter-output>
  </reporter-output>
  <suite started-at="2026-03-14T10:36:05 IST" name="Surefire suite" finished-at="2026-03-14T10:36:15 IST" duration-ms="9728">
    <groups>
    </groups>
    <test started-at="2026-03-14T10:36:05 IST" name="Surefire test" finished-at="2026-03-14T10:36:15 IST" duration-ms="9728">
      <class name="com.salesforce.tests.LoginTest">
        <test-method is-config="true" signature="setUp()[pri:0, instance:com.salesforce.tests.LoginTest@36f0f1be]" started-at="2026-03-14T10:36:05 IST" name="setUp" finished-at="2026-03-14T10:36:09 IST" duration-ms="4243" status="PASS">
          <reporter-output>
          </reporter-output>
        </test-method> <!-- setUp -->
        <test-method signature="testInvalidLogin()[pri:0, instance:com.salesforce.tests.LoginTest@36f0f1be]" started-at="2026-03-14T10:36:09 IST" name="testInvalidLogin" finished-at="2026-03-14T10:36:10 IST" duration-ms="1059" status="PASS">
          <reporter-output>
          </reporter-output>
        </test-method> <!-- testInvalidLogin -->
        <test-method is-config="true" signature="tearDown()[pri:0, instance:com.salesforce.tests.LoginTest@36f0f1be]" started-at="2026-03-14T10:36:10 IST" name="tearDown" finished-at="2026-03-14T10:36:10 IST" duration-ms="88" status="PASS">
          <reporter-output>
          </reporter-output>
        </test-method> <!-- tearDown -->
        <test-method is-config="true" signature="setUp()[pri:0, instance:com.salesforce.tests.LoginTest@36f0f1be]" started-at="2026-03-14T10:36:10 IST" name="setUp" finished-at="2026-03-14T10:36:14 IST" duration-ms="4078" status="PASS">
          <reporter-output>
          </reporter-output>
        </test-method> <!-- setUp -->
        <test-method signature="testValidLogin()[pri:0, instance:com.salesforce.tests.LoginTest@36f0f1be]" started-at="2026-03-14T10:36:14 IST" name="testValidLogin" finished-at="2026-03-14T10:36:15 IST" duration-ms="169" status="PASS">
          <reporter-output>
          </reporter-output>
        </test-method> <!-- testValidLogin -->
        <test-method is-config="true" signature="tearDown()[pri:0, instance:com.salesforce.tests.LoginTest@36f0f1be]" started-at="2026-03-14T10:36:15 IST" name="tearDown" finished-at="2026-03-14T10:36:15 IST" duration-ms="82" status="PASS">
          <reporter-output>
          </reporter-output>
        </test-method> <!-- tearDown -->
      </class> <!-- com.salesforce.tests.LoginTest -->
    </test> <!-- Surefire test -->
  </suite> <!-- Surefire suite -->
</testng-results>
